Analysis & Synthesis report for Compressor_42_Logic
Wed Jul 22 18:39:50 2026
Quartus Prime Version 24.1std.0 Build 1077 03/04/2025 SC Lite Edition


---------------------
; Table of Contents ;
---------------------
  1. Legal Notice
  2. Analysis & Synthesis Summary
  3. Analysis & Synthesis Settings
  4. Parallel Compilation
  5. Analysis & Synthesis Source Files Read
  6. Analysis & Synthesis Resource Usage Summary
  7. Analysis & Synthesis Resource Utilization by Entity
  8. General Register Statistics
  9. Port Connectivity Checks: "compressor_42_16bits:u_compressor|compressor_4entradas:comp42_num0"
 10. Post-Synthesis Netlist Statistics for Top Partition
 11. Elapsed Time Per Partition
 12. Analysis & Synthesis Messages



----------------
; Legal Notice ;
----------------
Copyright (C) 2025  Altera Corporation. All rights reserved.
Your use of Altera Corporation's design tools, logic functions 
and other software and tools, and any partner logic 
functions, and any output files from any of the foregoing 
(including device programming or simulation files), and any 
associated documentation or information are expressly subject 
to the terms and conditions of the Altera Program License 
Subscription Agreement, the Altera Quartus Prime License Agreement,
the Altera IP License Agreement, or other applicable license
agreement, including, without limitation, that your use is for
the sole purpose of programming logic devices manufactured by
Altera and sold by Altera or its authorized distributors.  Please
refer to the Altera Software License Subscription Agreements 
on the Quartus Prime software download page.



+-----------------------------------------------------------------------------------+
; Analysis & Synthesis Summary                                                      ;
+---------------------------------+-------------------------------------------------+
; Analysis & Synthesis Status     ; Successful - Wed Jul 22 18:39:50 2026           ;
; Quartus Prime Version           ; 24.1std.0 Build 1077 03/04/2025 SC Lite Edition ;
; Revision Name                   ; Compressor_42_Logic                             ;
; Top-level Entity Name           ; top_level_compressor_42_16bits                  ;
; Family                          ; Cyclone V                                       ;
; Logic utilization (in ALMs)     ; N/A                                             ;
; Total registers                 ; 82                                              ;
; Total pins                      ; 84                                              ;
; Total virtual pins              ; 0                                               ;
; Total block memory bits         ; 0                                               ;
; Total DSP Blocks                ; 0                                               ;
; Total HSSI RX PCSs              ; 0                                               ;
; Total HSSI PMA RX Deserializers ; 0                                               ;
; Total HSSI TX PCSs              ; 0                                               ;
; Total HSSI PMA TX Serializers   ; 0                                               ;
; Total PLLs                      ; 0                                               ;
; Total DLLs                      ; 0                                               ;
+---------------------------------+-------------------------------------------------+


+----------------------------------------------------------------------------------------------------------------------------------------+
; Analysis & Synthesis Settings                                                                                                          ;
+---------------------------------------------------------------------------------+--------------------------------+---------------------+
; Option                                                                          ; Setting                        ; Default Value       ;
+---------------------------------------------------------------------------------+--------------------------------+---------------------+
; Device                                                                          ; 5CGXFC7C7F23C8                 ;                     ;
; Top-level entity name                                                           ; top_level_compressor_42_16bits ; Compressor_42_Logic ;
; Family name                                                                     ; Cyclone V                      ; Cyclone V           ;
; Use smart compilation                                                           ; Off                            ; Off                 ;
; Enable parallel Assembler and Timing Analyzer during compilation                ; On                             ; On                  ;
; Enable compact report table                                                     ; Off                            ; Off                 ;
; Restructure Multiplexers                                                        ; Auto                           ; Auto                ;
; MLAB Add Timing Constraints For Mixed-Port Feed-Through Mode Setting Don't Care ; Off                            ; Off                 ;
; Create Debugging Nodes for IP Cores                                             ; Off                            ; Off                 ;
; Preserve fewer node names                                                       ; On                             ; On                  ;
; Intel FPGA IP Evaluation Mode                                                   ; Enable                         ; Enable              ;
; Verilog Version                                                                 ; Verilog_2001                   ; Verilog_2001        ;
; VHDL Version                                                                    ; VHDL_1993                      ; VHDL_1993           ;
; State Machine Processing                                                        ; Auto                           ; Auto                ;
; Safe State Machine                                                              ; Off                            ; Off                 ;
; Extract Verilog State Machines                                                  ; On                             ; On                  ;
; Extract VHDL State Machines                                                     ; On                             ; On                  ;
; Ignore Verilog initial constructs                                               ; Off                            ; Off                 ;
; Iteration limit for constant Verilog loops                                      ; 5000                           ; 5000                ;
; Iteration limit for non-constant Verilog loops                                  ; 250                            ; 250                 ;
; Add Pass-Through Logic to Inferred RAMs                                         ; On                             ; On                  ;
; Infer RAMs from Raw Logic                                                       ; On                             ; On                  ;
; Parallel Synthesis                                                              ; On                             ; On                  ;
; DSP Block Balancing                                                             ; Auto                           ; Auto                ;
; NOT Gate Push-Back                                                              ; On                             ; On                  ;
; Power-Up Don't Care                                                             ; On                             ; On                  ;
; Remove Redundant Logic Cells                                                    ; Off                            ; Off                 ;
; Remove Duplicate Registers                                                      ; On                             ; On                  ;
; Ignore CARRY Buffers                                                            ; Off                            ; Off                 ;
; Ignore CASCADE Buffers                                                          ; Off                            ; Off                 ;
; Ignore GLOBAL Buffers                                                           ; Off                            ; Off                 ;
; Ignore ROW GLOBAL Buffers                                                       ; Off                            ; Off                 ;
; Ignore LCELL Buffers                                                            ; Off                            ; Off                 ;
; Ignore SOFT Buffers                                                             ; On                             ; On                  ;
; Limit AHDL Integers to 32 Bits                                                  ; Off                            ; Off                 ;
; Optimization Technique                                                          ; Balanced                       ; Balanced            ;
; Carry Chain Length                                                              ; 70                             ; 70                  ;
; Auto Carry Chains                                                               ; On                             ; On                  ;
; Auto Open-Drain Pins                                                            ; On                             ; On                  ;
; Perform WYSIWYG Primitive Resynthesis                                           ; Off                            ; Off                 ;
; Auto ROM Replacement                                                            ; On                             ; On                  ;
; Auto RAM Replacement                                                            ; On                             ; On                  ;
; Auto DSP Block Replacement                                                      ; On                             ; On                  ;
; Auto Shift Register Replacement                                                 ; Auto                           ; Auto                ;
; Allow Shift Register Merging across Hierarchies                                 ; Auto                           ; Auto                ;
; Auto Clock Enable Replacement                                                   ; On                             ; On                  ;
; Strict RAM Replacement                                                          ; Off                            ; Off                 ;
; Allow Synchronous Control Signals                                               ; On                             ; On                  ;
; Force Use of Synchronous Clear Signals                                          ; Off                            ; Off                 ;
; Auto Resource Sharing                                                           ; Off                            ; Off                 ;
; Allow Any RAM Size For Recognition                                              ; Off                            ; Off                 ;
; Allow Any ROM Size For Recognition                                              ; Off                            ; Off                 ;
; Allow Any Shift Register Size For Recognition                                   ; Off                            ; Off                 ;
; Use LogicLock Constraints during Resource Balancing                             ; On                             ; On                  ;
; Ignore translate_off and synthesis_off directives                               ; Off                            ; Off                 ;
; Timing-Driven Synthesis                                                         ; On                             ; On                  ;
; Report Parameter Settings                                                       ; On                             ; On                  ;
; Report Source Assignments                                                       ; On                             ; On                  ;
; Report Connectivity Checks                                                      ; On                             ; On                  ;
; Ignore Maximum Fan-Out Assignments                                              ; Off                            ; Off                 ;
; Synchronization Register Chain Length                                           ; 3                              ; 3                   ;
; Power Optimization During Synthesis                                             ; Normal compilation             ; Normal compilation  ;
; HDL message level                                                               ; Level2                         ; Level2              ;
; Suppress Register Optimization Related Messages                                 ; Off                            ; Off                 ;
; Number of Removed Registers Reported in Synthesis Report                        ; 5000                           ; 5000                ;
; Number of Swept Nodes Reported in Synthesis Report                              ; 5000                           ; 5000                ;
; Number of Inverted Registers Reported in Synthesis Report                       ; 100                            ; 100                 ;
; Clock MUX Protection                                                            ; On                             ; On                  ;
; Auto Gated Clock Conversion                                                     ; Off                            ; Off                 ;
; Block Design Naming                                                             ; Auto                           ; Auto                ;
; SDC constraint protection                                                       ; Off                            ; Off                 ;
; Synthesis Effort                                                                ; Auto                           ; Auto                ;
; Shift Register Replacement - Allow Asynchronous Clear Signal                    ; On                             ; On                  ;
; Pre-Mapping Resynthesis Optimization                                            ; Off                            ; Off                 ;
; Analysis & Synthesis Message Level                                              ; Medium                         ; Medium              ;
; Disable Register Merging Across Hierarchies                                     ; Auto                           ; Auto                ;
; Resource Aware Inference For Block RAM                                          ; On                             ; On                  ;
; Automatic Parallel Synthesis                                                    ; On                             ; On                  ;
; Partial Reconfiguration Bitstream ID                                            ; Off                            ; Off                 ;
+---------------------------------------------------------------------------------+--------------------------------+---------------------+


+------------------------------------------+
; Parallel Compilation                     ;
+----------------------------+-------------+
; Processors                 ; Number      ;
+----------------------------+-------------+
; Number detected on machine ; 8           ;
; Maximum allowed            ; 8           ;
;                            ;             ;
; Average used               ; 1.00        ;
; Maximum used               ; 8           ;
;                            ;             ;
; Usage by Processor         ; % Time Used ;
;     Processor 1            ; 100.0%      ;
;     Processors 2-8         ;   0.0%      ;
+----------------------------+-------------+


+---------------------------------------------------------------------------------------------------------------------------------------------------------------------------------+
; Analysis & Synthesis Source Files Read                                                                                                                                          ;
+------------------------------------+-----------------+-----------------+----------------------------------------------------------------------------------------------+---------+
; File Name with User-Entered Path   ; Used in Netlist ; File Type       ; File Name with Absolute Path                                                                 ; Library ;
+------------------------------------+-----------------+-----------------+----------------------------------------------------------------------------------------------+---------+
; top_level_compressor_42_16bits.vhd ; yes             ; User VHDL File  ; F:/github_projects/Borboletas_hls_rtl/Compressor_42_Logic/top_level_compressor_42_16bits.vhd ;         ;
; FF_D18.vhd                         ; yes             ; User VHDL File  ; F:/github_projects/Borboletas_hls_rtl/Compressor_42_Logic/FF_D18.vhd                         ;         ;
; FF_D16.vhd                         ; yes             ; User VHDL File  ; F:/github_projects/Borboletas_hls_rtl/Compressor_42_Logic/FF_D16.vhd                         ;         ;
; compressor_42_16bits.vhd           ; yes             ; User VHDL File  ; F:/github_projects/Borboletas_hls_rtl/Compressor_42_Logic/compressor_42_16bits.vhd           ;         ;
+------------------------------------+-----------------+-----------------+----------------------------------------------------------------------------------------------+---------+


+---------------------------------------------------------+
; Analysis & Synthesis Resource Usage Summary             ;
+---------------------------------------------+-----------+
; Resource                                    ; Usage     ;
+---------------------------------------------+-----------+
; Estimate of Logic utilization (ALMs needed) ; 57        ;
;                                             ;           ;
; Combinational ALUT usage for logic          ; 73        ;
;     -- 7 input functions                    ; 0         ;
;     -- 6 input functions                    ; 12        ;
;     -- 5 input functions                    ; 16        ;
;     -- 4 input functions                    ; 32        ;
;     -- <=3 input functions                  ; 13        ;
;                                             ;           ;
; Dedicated logic registers                   ; 82        ;
;                                             ;           ;
; I/O pins                                    ; 84        ;
;                                             ;           ;
; Total DSP Blocks                            ; 0         ;
;                                             ;           ;
; Maximum fan-out node                        ; clk~input ;
; Maximum fan-out                             ; 82        ;
; Total fan-out                               ; 665       ;
; Average fan-out                             ; 2.06      ;
+---------------------------------------------+-----------+


+----------------------------------------------------------------------------------------------------------------------------------------------------------------------------------------------------------------------------------------------------------------------------------------------------------------------+
; Analysis & Synthesis Resource Utilization by Entity                                                                                                                                                                                                                                                                  ;
+-------------------------------------------+---------------------+---------------------------+-------------------+------------+------+--------------+-----------------------------------------------------------------------------------------------------------------+--------------------------------+--------------+
; Compilation Hierarchy Node                ; Combinational ALUTs ; Dedicated Logic Registers ; Block Memory Bits ; DSP Blocks ; Pins ; Virtual Pins ; Full Hierarchy Name                                                                                             ; Entity Name                    ; Library Name ;
+-------------------------------------------+---------------------+---------------------------+-------------------+------------+------+--------------+-----------------------------------------------------------------------------------------------------------------+--------------------------------+--------------+
; |top_level_compressor_42_16bits           ; 73 (0)              ; 82 (0)                    ; 0                 ; 0          ; 84   ; 0            ; |top_level_compressor_42_16bits                                                                                 ; top_level_compressor_42_16bits ; work         ;
;    |FF_D16:ff_a|                          ; 0 (0)               ; 16 (16)                   ; 0                 ; 0          ; 0    ; 0            ; |top_level_compressor_42_16bits|FF_D16:ff_a                                                                     ; FF_D16                         ; work         ;
;    |FF_D16:ff_b|                          ; 0 (0)               ; 16 (16)                   ; 0                 ; 0          ; 0    ; 0            ; |top_level_compressor_42_16bits|FF_D16:ff_b                                                                     ; FF_D16                         ; work         ;
;    |FF_D16:ff_c|                          ; 0 (0)               ; 16 (16)                   ; 0                 ; 0          ; 0    ; 0            ; |top_level_compressor_42_16bits|FF_D16:ff_c                                                                     ; FF_D16                         ; work         ;
;    |FF_D16:ff_d|                          ; 0 (0)               ; 16 (16)                   ; 0                 ; 0          ; 0    ; 0            ; |top_level_compressor_42_16bits|FF_D16:ff_d                                                                     ; FF_D16                         ; work         ;
;    |FF_D18:ff_soma|                       ; 0 (0)               ; 18 (18)                   ; 0                 ; 0          ; 0    ; 0            ; |top_level_compressor_42_16bits|FF_D18:ff_soma                                                                  ; FF_D18                         ; work         ;
;    |compressor_42_16bits:u_compressor|    ; 73 (0)              ; 0 (0)                     ; 0                 ; 0          ; 0    ; 0            ; |top_level_compressor_42_16bits|compressor_42_16bits:u_compressor                                               ; compressor_42_16bits           ; work         ;
;       |FULL_ADDER:var10|                  ; 1 (1)               ; 0 (0)                     ; 0                 ; 0          ; 0    ; 0            ; |top_level_compressor_42_16bits|compressor_42_16bits:u_compressor|FULL_ADDER:var10                              ; FULL_ADDER                     ; work         ;
;       |FULL_ADDER:var11|                  ; 4 (4)               ; 0 (0)                     ; 0                 ; 0          ; 0    ; 0            ; |top_level_compressor_42_16bits|compressor_42_16bits:u_compressor|FULL_ADDER:var11                              ; FULL_ADDER                     ; work         ;
;       |FULL_ADDER:var12|                  ; 1 (1)               ; 0 (0)                     ; 0                 ; 0          ; 0    ; 0            ; |top_level_compressor_42_16bits|compressor_42_16bits:u_compressor|FULL_ADDER:var12                              ; FULL_ADDER                     ; work         ;
;       |FULL_ADDER:var13|                  ; 2 (2)               ; 0 (0)                     ; 0                 ; 0          ; 0    ; 0            ; |top_level_compressor_42_16bits|compressor_42_16bits:u_compressor|FULL_ADDER:var13                              ; FULL_ADDER                     ; work         ;
;       |FULL_ADDER:var1|                   ; 2 (2)               ; 0 (0)                     ; 0                 ; 0          ; 0    ; 0            ; |top_level_compressor_42_16bits|compressor_42_16bits:u_compressor|FULL_ADDER:var1                               ; FULL_ADDER                     ; work         ;
;       |FULL_ADDER:var2|                   ; 2 (2)               ; 0 (0)                     ; 0                 ; 0          ; 0    ; 0            ; |top_level_compressor_42_16bits|compressor_42_16bits:u_compressor|FULL_ADDER:var2                               ; FULL_ADDER                     ; work         ;
;       |FULL_ADDER:var3|                   ; 1 (1)               ; 0 (0)                     ; 0                 ; 0          ; 0    ; 0            ; |top_level_compressor_42_16bits|compressor_42_16bits:u_compressor|FULL_ADDER:var3                               ; FULL_ADDER                     ; work         ;
;       |FULL_ADDER:var4|                   ; 4 (4)               ; 0 (0)                     ; 0                 ; 0          ; 0    ; 0            ; |top_level_compressor_42_16bits|compressor_42_16bits:u_compressor|FULL_ADDER:var4                               ; FULL_ADDER                     ; work         ;
;       |FULL_ADDER:var5|                   ; 1 (1)               ; 0 (0)                     ; 0                 ; 0          ; 0    ; 0            ; |top_level_compressor_42_16bits|compressor_42_16bits:u_compressor|FULL_ADDER:var5                               ; FULL_ADDER                     ; work         ;
;       |FULL_ADDER:var6|                   ; 2 (2)               ; 0 (0)                     ; 0                 ; 0          ; 0    ; 0            ; |top_level_compressor_42_16bits|compressor_42_16bits:u_compressor|FULL_ADDER:var6                               ; FULL_ADDER                     ; work         ;
;       |FULL_ADDER:var7|                   ; 1 (1)               ; 0 (0)                     ; 0                 ; 0          ; 0    ; 0            ; |top_level_compressor_42_16bits|compressor_42_16bits:u_compressor|FULL_ADDER:var7                               ; FULL_ADDER                     ; work         ;
;       |FULL_ADDER:var8|                   ; 2 (2)               ; 0 (0)                     ; 0                 ; 0          ; 0    ; 0            ; |top_level_compressor_42_16bits|compressor_42_16bits:u_compressor|FULL_ADDER:var8                               ; FULL_ADDER                     ; work         ;
;       |FULL_ADDER:var9|                   ; 1 (1)               ; 0 (0)                     ; 0                 ; 0          ; 0    ; 0            ; |top_level_compressor_42_16bits|compressor_42_16bits:u_compressor|FULL_ADDER:var9                               ; FULL_ADDER                     ; work         ;
;       |HALF_ADDER:var0|                   ; 1 (1)               ; 0 (0)                     ; 0                 ; 0          ; 0    ; 0            ; |top_level_compressor_42_16bits|compressor_42_16bits:u_compressor|HALF_ADDER:var0                               ; HALF_ADDER                     ; work         ;
;       |compressor_4entradas:comp42_num0|  ; 3 (1)               ; 0 (0)                     ; 0                 ; 0          ; 0    ; 0            ; |top_level_compressor_42_16bits|compressor_42_16bits:u_compressor|compressor_4entradas:comp42_num0              ; compressor_4entradas           ; work         ;
;          |mux_1bit:s0|                    ; 1 (1)               ; 0 (0)                     ; 0                 ; 0          ; 0    ; 0            ; |top_level_compressor_42_16bits|compressor_42_16bits:u_compressor|compressor_4entradas:comp42_num0|mux_1bit:s0  ; mux_1bit                       ; work         ;
;          |mux_1bit:s1|                    ; 1 (1)               ; 0 (0)                     ; 0                 ; 0          ; 0    ; 0            ; |top_level_compressor_42_16bits|compressor_42_16bits:u_compressor|compressor_4entradas:comp42_num0|mux_1bit:s1  ; mux_1bit                       ; work         ;
;       |compressor_4entradas:comp42_num10| ; 3 (2)               ; 0 (0)                     ; 0                 ; 0          ; 0    ; 0            ; |top_level_compressor_42_16bits|compressor_42_16bits:u_compressor|compressor_4entradas:comp42_num10             ; compressor_4entradas           ; work         ;
;          |mux_1bit:s1|                    ; 1 (1)               ; 0 (0)                     ; 0                 ; 0          ; 0    ; 0            ; |top_level_compressor_42_16bits|compressor_42_16bits:u_compressor|compressor_4entradas:comp42_num10|mux_1bit:s1 ; mux_1bit                       ; work         ;
;       |compressor_4entradas:comp42_num11| ; 3 (2)               ; 0 (0)                     ; 0                 ; 0          ; 0    ; 0            ; |top_level_compressor_42_16bits|compressor_42_16bits:u_compressor|compressor_4entradas:comp42_num11             ; compressor_4entradas           ; work         ;
;          |mux_1bit:s1|                    ; 1 (1)               ; 0 (0)                     ; 0                 ; 0          ; 0    ; 0            ; |top_level_compressor_42_16bits|compressor_42_16bits:u_compressor|compressor_4entradas:comp42_num11|mux_1bit:s1 ; mux_1bit                       ; work         ;
;       |compressor_4entradas:comp42_num12| ; 3 (2)               ; 0 (0)                     ; 0                 ; 0          ; 0    ; 0            ; |top_level_compressor_42_16bits|compressor_42_16bits:u_compressor|compressor_4entradas:comp42_num12             ; compressor_4entradas           ; work         ;
;          |mux_1bit:s1|                    ; 1 (1)               ; 0 (0)                     ; 0                 ; 0          ; 0    ; 0            ; |top_level_compressor_42_16bits|compressor_42_16bits:u_compressor|compressor_4entradas:comp42_num12|mux_1bit:s1 ; mux_1bit                       ; work         ;
;       |compressor_4entradas:comp42_num13| ; 3 (2)               ; 0 (0)                     ; 0                 ; 0          ; 0    ; 0            ; |top_level_compressor_42_16bits|compressor_42_16bits:u_compressor|compressor_4entradas:comp42_num13             ; compressor_4entradas           ; work         ;
;          |mux_1bit:s1|                    ; 1 (1)               ; 0 (0)                     ; 0                 ; 0          ; 0    ; 0            ; |top_level_compressor_42_16bits|compressor_42_16bits:u_compressor|compressor_4entradas:comp42_num13|mux_1bit:s1 ; mux_1bit                       ; work         ;
;       |compressor_4entradas:comp42_num14| ; 4 (2)               ; 0 (0)                     ; 0                 ; 0          ; 0    ; 0            ; |top_level_compressor_42_16bits|compressor_42_16bits:u_compressor|compressor_4entradas:comp42_num14             ; compressor_4entradas           ; work         ;
;          |mux_1bit:s0|                    ; 1 (1)               ; 0 (0)                     ; 0                 ; 0          ; 0    ; 0            ; |top_level_compressor_42_16bits|compressor_42_16bits:u_compressor|compressor_4entradas:comp42_num14|mux_1bit:s0 ; mux_1bit                       ; work         ;
;          |mux_1bit:s1|                    ; 1 (1)               ; 0 (0)                     ; 0                 ; 0          ; 0    ; 0            ; |top_level_compressor_42_16bits|compressor_42_16bits:u_compressor|compressor_4entradas:comp42_num14|mux_1bit:s1 ; mux_1bit                       ; work         ;
;       |compressor_4entradas:comp42_num1|  ; 2 (1)               ; 0 (0)                     ; 0                 ; 0          ; 0    ; 0            ; |top_level_compressor_42_16bits|compressor_42_16bits:u_compressor|compressor_4entradas:comp42_num1              ; compressor_4entradas           ; work         ;
;          |mux_1bit:s0|                    ; 1 (1)               ; 0 (0)                     ; 0                 ; 0          ; 0    ; 0            ; |top_level_compressor_42_16bits|compressor_42_16bits:u_compressor|compressor_4entradas:comp42_num1|mux_1bit:s0  ; mux_1bit                       ; work         ;
;       |compressor_4entradas:comp42_num2|  ; 2 (1)               ; 0 (0)                     ; 0                 ; 0          ; 0    ; 0            ; |top_level_compressor_42_16bits|compressor_42_16bits:u_compressor|compressor_4entradas:comp42_num2              ; compressor_4entradas           ; work         ;
;          |mux_1bit:s1|                    ; 1 (1)               ; 0 (0)                     ; 0                 ; 0          ; 0    ; 0            ; |top_level_compressor_42_16bits|compressor_42_16bits:u_compressor|compressor_4entradas:comp42_num2|mux_1bit:s1  ; mux_1bit                       ; work         ;
;       |compressor_4entradas:comp42_num3|  ; 4 (2)               ; 0 (0)                     ; 0                 ; 0          ; 0    ; 0            ; |top_level_compressor_42_16bits|compressor_42_16bits:u_compressor|compressor_4entradas:comp42_num3              ; compressor_4entradas           ; work         ;
;          |mux_1bit:s0|                    ; 1 (1)               ; 0 (0)                     ; 0                 ; 0          ; 0    ; 0            ; |top_level_compressor_42_16bits|compressor_42_16bits:u_compressor|compressor_4entradas:comp42_num3|mux_1bit:s0  ; mux_1bit                       ; work         ;
;          |mux_1bit:s1|                    ; 1 (1)               ; 0 (0)                     ; 0                 ; 0          ; 0    ; 0            ; |top_level_compressor_42_16bits|compressor_42_16bits:u_compressor|compressor_4entradas:comp42_num3|mux_1bit:s1  ; mux_1bit                       ; work         ;
;       |compressor_4entradas:comp42_num4|  ; 1 (1)               ; 0 (0)                     ; 0                 ; 0          ; 0    ; 0            ; |top_level_compressor_42_16bits|compressor_42_16bits:u_compressor|compressor_4entradas:comp42_num4              ; compressor_4entradas           ; work         ;
;       |compressor_4entradas:comp42_num5|  ; 2 (1)               ; 0 (0)                     ; 0                 ; 0          ; 0    ; 0            ; |top_level_compressor_42_16bits|compressor_42_16bits:u_compressor|compressor_4entradas:comp42_num5              ; compressor_4entradas           ; work         ;
;          |mux_1bit:s1|                    ; 1 (1)               ; 0 (0)                     ; 0                 ; 0          ; 0    ; 0            ; |top_level_compressor_42_16bits|compressor_42_16bits:u_compressor|compressor_4entradas:comp42_num5|mux_1bit:s1  ; mux_1bit                       ; work         ;
;       |compressor_4entradas:comp42_num6|  ; 3 (2)               ; 0 (0)                     ; 0                 ; 0          ; 0    ; 0            ; |top_level_compressor_42_16bits|compressor_42_16bits:u_compressor|compressor_4entradas:comp42_num6              ; compressor_4entradas           ; work         ;
;          |mux_1bit:s1|                    ; 1 (1)               ; 0 (0)                     ; 0                 ; 0          ; 0    ; 0            ; |top_level_compressor_42_16bits|compressor_42_16bits:u_compressor|compressor_4entradas:comp42_num6|mux_1bit:s1  ; mux_1bit                       ; work         ;
;       |compressor_4entradas:comp42_num7|  ; 3 (2)               ; 0 (0)                     ; 0                 ; 0          ; 0    ; 0            ; |top_level_compressor_42_16bits|compressor_42_16bits:u_compressor|compressor_4entradas:comp42_num7              ; compressor_4entradas           ; work         ;
;          |mux_1bit:s1|                    ; 1 (1)               ; 0 (0)                     ; 0                 ; 0          ; 0    ; 0            ; |top_level_compressor_42_16bits|compressor_42_16bits:u_compressor|compressor_4entradas:comp42_num7|mux_1bit:s1  ; mux_1bit                       ; work         ;
;       |compressor_4entradas:comp42_num8|  ; 3 (2)               ; 0 (0)                     ; 0                 ; 0          ; 0    ; 0            ; |top_level_compressor_42_16bits|compressor_42_16bits:u_compressor|compressor_4entradas:comp42_num8              ; compressor_4entradas           ; work         ;
;          |mux_1bit:s1|                    ; 1 (1)               ; 0 (0)                     ; 0                 ; 0          ; 0    ; 0            ; |top_level_compressor_42_16bits|compressor_42_16bits:u_compressor|compressor_4entradas:comp42_num8|mux_1bit:s1  ; mux_1bit                       ; work         ;
;       |compressor_4entradas:comp42_num9|  ; 3 (2)               ; 0 (0)                     ; 0                 ; 0          ; 0    ; 0            ; |top_level_compressor_42_16bits|compressor_42_16bits:u_compressor|compressor_4entradas:comp42_num9              ; compressor_4entradas           ; work         ;
;          |mux_1bit:s1|                    ; 1 (1)               ; 0 (0)                     ; 0                 ; 0          ; 0    ; 0            ; |top_level_compressor_42_16bits|compressor_42_16bits:u_compressor|compressor_4entradas:comp42_num9|mux_1bit:s1  ; mux_1bit                       ; work         ;
;       |encoder:var14|                     ; 2 (2)               ; 0 (0)                     ; 0                 ; 0          ; 0    ; 0            ; |top_level_compressor_42_16bits|compressor_42_16bits:u_compressor|encoder:var14                                 ; encoder                        ; work         ;
;       |somador3_2:var16|                  ; 4 (2)               ; 0 (0)                     ; 0                 ; 0          ; 0    ; 0            ; |top_level_compressor_42_16bits|compressor_42_16bits:u_compressor|somador3_2:var16                              ; somador3_2                     ; work         ;
;          |FULL_ADDER:label_2|             ; 1 (1)               ; 0 (0)                     ; 0                 ; 0          ; 0    ; 0            ; |top_level_compressor_42_16bits|compressor_42_16bits:u_compressor|somador3_2:var16|FULL_ADDER:label_2           ; FULL_ADDER                     ; work         ;
;          |HALF_ADDER:label_1|             ; 1 (1)               ; 0 (0)                     ; 0                 ; 0          ; 0    ; 0            ; |top_level_compressor_42_16bits|compressor_42_16bits:u_compressor|somador3_2:var16|HALF_ADDER:label_1           ; HALF_ADDER                     ; work         ;
+-------------------------------------------+---------------------+---------------------------+-------------------+------------+------+--------------+-----------------------------------------------------------------------------------------------------------------+--------------------------------+--------------+
Note: For table entries with two numbers listed, the numbers in parentheses indicate the number of resources of the given type used by the specific entity alone. The numbers listed outside of parentheses indicate the total resources of the given type used by the specific entity and all of its sub-entities in the hierarchy.


+------------------------------------------------------+
; General Register Statistics                          ;
+----------------------------------------------+-------+
; Statistic                                    ; Value ;
+----------------------------------------------+-------+
; Total registers                              ; 82    ;
; Number of registers using Synchronous Clear  ; 0     ;
; Number of registers using Synchronous Load   ; 0     ;
; Number of registers using Asynchronous Clear ; 82    ;
; Number of registers using Asynchronous Load  ; 0     ;
; Number of registers using Clock Enable       ; 0     ;
; Number of registers using Preset             ; 0     ;
+----------------------------------------------+-------+


+------------------------------------------------------------------------------------------------+
; Port Connectivity Checks: "compressor_42_16bits:u_compressor|compressor_4entradas:comp42_num0" ;
+------+-------+----------+----------------------------------------------------------------------+
; Port ; Type  ; Severity ; Details                                                              ;
+------+-------+----------+----------------------------------------------------------------------+
; cin  ; Input ; Info     ; Stuck at GND                                                         ;
+------+-------+----------+----------------------------------------------------------------------+


+-----------------------------------------------------+
; Post-Synthesis Netlist Statistics for Top Partition ;
+-----------------------+-----------------------------+
; Type                  ; Count                       ;
+-----------------------+-----------------------------+
; arriav_ff             ; 82                          ;
;     CLR               ; 82                          ;
; arriav_lcell_comb     ; 73                          ;
;     normal            ; 73                          ;
;         2 data inputs ; 2                           ;
;         3 data inputs ; 11                          ;
;         4 data inputs ; 32                          ;
;         5 data inputs ; 16                          ;
;         6 data inputs ; 12                          ;
; boundary_port         ; 84                          ;
;                       ;                             ;
; Max LUT depth         ; 8.00                        ;
; Average LUT depth     ; 3.74                        ;
+-----------------------+-----------------------------+


+-------------------------------+
; Elapsed Time Per Partition    ;
+----------------+--------------+
; Partition Name ; Elapsed Time ;
+----------------+--------------+
; Top            ; 00:00:00     ;
+----------------+--------------+


+-------------------------------+
; Analysis & Synthesis Messages ;
+-------------------------------+
Info: *******************************************************************
Info: Running Quartus Prime Analysis & Synthesis
    Info: Version 24.1std.0 Build 1077 03/04/2025 SC Lite Edition
    Info: Processing started: Wed Jul 22 18:39:42 2026
Info: Command: quartus_map --read_settings_files=on --write_settings_files=off Compressor_42_Logic -c Compressor_42_Logic
Warning (18236): Number of processors has not been specified which may cause overloading on shared machines.  Set the global assignment NUM_PARALLEL_PROCESSORS in your QSF to an appropriate value for best performance.
Info (20030): Parallel compilation is enabled and will use 8 of the 8 processors detected
Info (12021): Found 2 design units, including 1 entities, in source file top_level_compressor_42_16bits.vhd
    Info (12022): Found design unit 1: top_level_compressor_42_16bits-Behavioral File: F:/github_projects/Borboletas_hls_rtl/Compressor_42_Logic/top_level_compressor_42_16bits.vhd Line: 16
    Info (12023): Found entity 1: top_level_compressor_42_16bits File: F:/github_projects/Borboletas_hls_rtl/Compressor_42_Logic/top_level_compressor_42_16bits.vhd Line: 4
Info (12021): Found 2 design units, including 1 entities, in source file ff_d18.vhd
    Info (12022): Found design unit 1: FF_D18-rtl File: F:/github_projects/Borboletas_hls_rtl/Compressor_42_Logic/FF_D18.vhd Line: 13
    Info (12023): Found entity 1: FF_D18 File: F:/github_projects/Borboletas_hls_rtl/Compressor_42_Logic/FF_D18.vhd Line: 4
Info (12021): Found 2 design units, including 1 entities, in source file ff_d16.vhd
    Info (12022): Found design unit 1: FF_D16-rtl File: F:/github_projects/Borboletas_hls_rtl/Compressor_42_Logic/FF_D16.vhd Line: 13
    Info (12023): Found entity 1: FF_D16 File: F:/github_projects/Borboletas_hls_rtl/Compressor_42_Logic/FF_D16.vhd Line: 4
Info (12021): Found 16 design units, including 7 entities, in source file compressor_42_16bits.vhd
    Info (12022): Found design unit 1: HALF_ADDER-Behavioral File: F:/github_projects/Borboletas_hls_rtl/Compressor_42_Logic/compressor_42_16bits.vhd Line: 13
    Info (12022): Found design unit 2: FULL_ADDER-RCAcomportamento4m28b File: F:/github_projects/Borboletas_hls_rtl/Compressor_42_Logic/compressor_42_16bits.vhd Line: 31
    Info (12022): Found design unit 3: mux_1bit-comportamento File: F:/github_projects/Borboletas_hls_rtl/Compressor_42_Logic/compressor_42_16bits.vhd Line: 57
    Info (12022): Found design unit 4: encoder-Behavioral File: F:/github_projects/Borboletas_hls_rtl/Compressor_42_Logic/compressor_42_16bits.vhd Line: 76
    Info (12022): Found design unit 5: my_components1 File: F:/github_projects/Borboletas_hls_rtl/Compressor_42_Logic/compressor_42_16bits.vhd Line: 95
    Info (12022): Found design unit 6: somador3_2-RCAcomportamento4m28b File: F:/github_projects/Borboletas_hls_rtl/Compressor_42_Logic/compressor_42_16bits.vhd Line: 135
    Info (12022): Found design unit 7: compressor_4entradas-comportamento File: F:/github_projects/Borboletas_hls_rtl/Compressor_42_Logic/compressor_42_16bits.vhd Line: 156
    Info (12022): Found design unit 8: my_components2 File: F:/github_projects/Borboletas_hls_rtl/Compressor_42_Logic/compressor_42_16bits.vhd Line: 192
    Info (12022): Found design unit 9: compressor_42_16bits-comportamento File: F:/github_projects/Borboletas_hls_rtl/Compressor_42_Logic/compressor_42_16bits.vhd Line: 223
    Info (12023): Found entity 1: HALF_ADDER File: F:/github_projects/Borboletas_hls_rtl/Compressor_42_Logic/compressor_42_16bits.vhd Line: 6
    Info (12023): Found entity 2: FULL_ADDER File: F:/github_projects/Borboletas_hls_rtl/Compressor_42_Logic/compressor_42_16bits.vhd Line: 25
    Info (12023): Found entity 3: mux_1bit File: F:/github_projects/Borboletas_hls_rtl/Compressor_42_Logic/compressor_42_16bits.vhd Line: 50
    Info (12023): Found entity 4: encoder File: F:/github_projects/Borboletas_hls_rtl/Compressor_42_Logic/compressor_42_16bits.vhd Line: 70
    Info (12023): Found entity 5: somador3_2 File: F:/github_projects/Borboletas_hls_rtl/Compressor_42_Logic/compressor_42_16bits.vhd Line: 129
    Info (12023): Found entity 6: compressor_4entradas File: F:/github_projects/Borboletas_hls_rtl/Compressor_42_Logic/compressor_42_16bits.vhd Line: 150
    Info (12023): Found entity 7: compressor_42_16bits File: F:/github_projects/Borboletas_hls_rtl/Compressor_42_Logic/compressor_42_16bits.vhd Line: 215
Info (12127): Elaborating entity "top_level_compressor_42_16bits" for the top level hierarchy
Info (12128): Elaborating entity "FF_D16" for hierarchy "FF_D16:ff_a" File: F:/github_projects/Borboletas_hls_rtl/Compressor_42_Logic/top_level_compressor_42_16bits.vhd Line: 58
Info (12128): Elaborating entity "compressor_42_16bits" for hierarchy "compressor_42_16bits:u_compressor" File: F:/github_projects/Borboletas_hls_rtl/Compressor_42_Logic/top_level_compressor_42_16bits.vhd Line: 70
Info (12128): Elaborating entity "compressor_4entradas" for hierarchy "compressor_42_16bits:u_compressor|compressor_4entradas:comp42_num0" File: F:/github_projects/Borboletas_hls_rtl/Compressor_42_Logic/compressor_42_16bits.vhd Line: 232
Info (12128): Elaborating entity "mux_1bit" for hierarchy "compressor_42_16bits:u_compressor|compressor_4entradas:comp42_num0|mux_1bit:s0" File: F:/github_projects/Borboletas_hls_rtl/Compressor_42_Logic/compressor_42_16bits.vhd Line: 171
Info (12128): Elaborating entity "HALF_ADDER" for hierarchy "compressor_42_16bits:u_compressor|HALF_ADDER:var0" File: F:/github_projects/Borboletas_hls_rtl/Compressor_42_Logic/compressor_42_16bits.vhd Line: 248
Info (12128): Elaborating entity "FULL_ADDER" for hierarchy "compressor_42_16bits:u_compressor|FULL_ADDER:var1" File: F:/github_projects/Borboletas_hls_rtl/Compressor_42_Logic/compressor_42_16bits.vhd Line: 249
Info (12128): Elaborating entity "encoder" for hierarchy "compressor_42_16bits:u_compressor|encoder:var14" File: F:/github_projects/Borboletas_hls_rtl/Compressor_42_Logic/compressor_42_16bits.vhd Line: 263
Info (12128): Elaborating entity "somador3_2" for hierarchy "compressor_42_16bits:u_compressor|somador3_2:var16" File: F:/github_projects/Borboletas_hls_rtl/Compressor_42_Logic/compressor_42_16bits.vhd Line: 265
Info (12128): Elaborating entity "FF_D18" for hierarchy "FF_D18:ff_soma" File: F:/github_projects/Borboletas_hls_rtl/Compressor_42_Logic/top_level_compressor_42_16bits.vhd Line: 79
Info (286030): Timing-Driven Synthesis is running
Info (16010): Generating hard_block partition "hard_block:auto_generated_inst"
    Info (16011): Adding 0 node(s), including 0 DDIO, 0 PLL, 0 transceiver and 0 LCELL
Info (21057): Implemented 221 device resources after synthesis - the final resource count might be different
    Info (21058): Implemented 66 input pins
    Info (21059): Implemented 18 output pins
    Info (21061): Implemented 137 logic cells
Info: Quartus Prime Analysis & Synthesis was successful. 0 errors, 1 warning
    Info: Peak virtual memory: 4904 megabytes
    Info: Processing ended: Wed Jul 22 18:39:50 2026
    Info: Elapsed time: 00:00:08
    Info: Total CPU time (on all processors): 00:00:17


