Analysis & Synthesis report for radix2_R1_V0
Wed Jul 22 18:27:59 2026
Quartus Prime Version 24.1std.0 Build 1077 03/04/2025 SC Lite Edition


---------------------
; Table of Contents ;
---------------------
  1. Legal Notice
  2. Analysis & Synthesis Summary
  3. Analysis & Synthesis Settings
  4. Parallel Compilation
  5. Analysis & Synthesis Source Files Read
  6. Analysis & Synthesis Resource Usage Summary
  7. Analysis & Synthesis Resource Utilization by Entity
  8. Analysis & Synthesis DSP Block Usage Summary
  9. General Register Statistics
 10. Parameter Settings for User Entity Instance: radix2_R1_V0:u_radix2|radix2_R1_V0_ama_addmul_sub_16s_16ns_16s_16ns_16_1_1:ama_addmul_sub_16s_16ns_16s_16ns_16_1_1_U1
 11. Parameter Settings for User Entity Instance: radix2_R1_V0:u_radix2|radix2_R1_V0_ama_submuladd_16ns_16s_16s_16ns_16_1_1:ama_submuladd_16ns_16s_16s_16ns_16_1_1_U2
 12. Parameter Settings for User Entity Instance: radix2_R1_V0:u_radix2|radix2_R1_V0_am_addmul_16s_16s_16s_16_1_1:am_addmul_16s_16s_16s_16_1_1_U3
 13. Port Connectivity Checks: "radix2_R1_V0:u_radix2"
 14. Post-Synthesis Netlist Statistics for Top Partition
 15. Elapsed Time Per Partition
 16. Analysis & Synthesis Messages



----------------
; Legal Notice ;
----------------
Copyright (C) 2025  Altera Corporation. All rights reserved.
Your use of Altera Corporation's design tools, logic functions 
and other software and tools, and any partner logic 
functions, and any output files from any of the foregoing 
(including device programming or simulation files), and any 
associated documentation or information are expressly subject 
to the terms and conditions of the Altera Program License 
Subscription Agreement, the Altera Quartus Prime License Agreement,
the Altera IP License Agreement, or other applicable license
agreement, including, without limitation, that your use is for
the sole purpose of programming logic devices manufactured by
Altera and sold by Altera or its authorized distributors.  Please
refer to the Altera Software License Subscription Agreements 
on the Quartus Prime software download page.



+-----------------------------------------------------------------------------------+
; Analysis & Synthesis Summary                                                      ;
+---------------------------------+-------------------------------------------------+
; Analysis & Synthesis Status     ; Successful - Wed Jul 22 18:27:59 2026           ;
; Quartus Prime Version           ; 24.1std.0 Build 1077 03/04/2025 SC Lite Edition ;
; Revision Name                   ; radix2_R1_V0                                    ;
; Top-level Entity Name           ; top_level_radix2_R1_V0                          ;
; Family                          ; Cyclone V                                       ;
; Logic utilization (in ALMs)     ; N/A                                             ;
; Total registers                 ; 160                                             ;
; Total pins                      ; 162                                             ;
; Total virtual pins              ; 0                                               ;
; Total block memory bits         ; 0                                               ;
; Total DSP Blocks                ; 3                                               ;
; Total HSSI RX PCSs              ; 0                                               ;
; Total HSSI PMA RX Deserializers ; 0                                               ;
; Total HSSI TX PCSs              ; 0                                               ;
; Total HSSI PMA TX Serializers   ; 0                                               ;
; Total PLLs                      ; 0                                               ;
; Total DLLs                      ; 0                                               ;
+---------------------------------+-------------------------------------------------+


+-------------------------------------------------------------------------------------------------------------------------------+
; Analysis & Synthesis Settings                                                                                                 ;
+---------------------------------------------------------------------------------+------------------------+--------------------+
; Option                                                                          ; Setting                ; Default Value      ;
+---------------------------------------------------------------------------------+------------------------+--------------------+
; Device                                                                          ; 5CGXFC7C7F23C8         ;                    ;
; Top-level entity name                                                           ; top_level_radix2_R1_V0 ; radix2_R1_V0       ;
; Family name                                                                     ; Cyclone V              ; Cyclone V          ;
; Use smart compilation                                                           ; Off                    ; Off                ;
; Enable parallel Assembler and Timing Analyzer during compilation                ; On                     ; On                 ;
; Enable compact report table                                                     ; Off                    ; Off                ;
; Restructure Multiplexers                                                        ; Auto                   ; Auto               ;
; MLAB Add Timing Constraints For Mixed-Port Feed-Through Mode Setting Don't Care ; Off                    ; Off                ;
; Create Debugging Nodes for IP Cores                                             ; Off                    ; Off                ;
; Preserve fewer node names                                                       ; On                     ; On                 ;
; Intel FPGA IP Evaluation Mode                                                   ; Enable                 ; Enable             ;
; Verilog Version                                                                 ; Verilog_2001           ; Verilog_2001       ;
; VHDL Version                                                                    ; VHDL_1993              ; VHDL_1993          ;
; State Machine Processing                                                        ; Auto                   ; Auto               ;
; Safe State Machine                                                              ; Off                    ; Off                ;
; Extract Verilog State Machines                                                  ; On                     ; On                 ;
; Extract VHDL State Machines                                                     ; On                     ; On                 ;
; Ignore Verilog initial constructs                                               ; Off                    ; Off                ;
; Iteration limit for constant Verilog loops                                      ; 5000                   ; 5000               ;
; Iteration limit for non-constant Verilog loops                                  ; 250                    ; 250                ;
; Add Pass-Through Logic to Inferred RAMs                                         ; On                     ; On                 ;
; Infer RAMs from Raw Logic                                                       ; On                     ; On                 ;
; Parallel Synthesis                                                              ; On                     ; On                 ;
; DSP Block Balancing                                                             ; Auto                   ; Auto               ;
; NOT Gate Push-Back                                                              ; On                     ; On                 ;
; Power-Up Don't Care                                                             ; On                     ; On                 ;
; Remove Redundant Logic Cells                                                    ; Off                    ; Off                ;
; Remove Duplicate Registers                                                      ; On                     ; On                 ;
; Ignore CARRY Buffers                                                            ; Off                    ; Off                ;
; Ignore CASCADE Buffers                                                          ; Off                    ; Off                ;
; Ignore GLOBAL Buffers                                                           ; Off                    ; Off                ;
; Ignore ROW GLOBAL Buffers                                                       ; Off                    ; Off                ;
; Ignore LCELL Buffers                                                            ; Off                    ; Off                ;
; Ignore SOFT Buffers                                                             ; On                     ; On                 ;
; Limit AHDL Integers to 32 Bits                                                  ; Off                    ; Off                ;
; Optimization Technique                                                          ; Balanced               ; Balanced           ;
; Carry Chain Length                                                              ; 70                     ; 70                 ;
; Auto Carry Chains                                                               ; On                     ; On                 ;
; Auto Open-Drain Pins                                                            ; On                     ; On                 ;
; Perform WYSIWYG Primitive Resynthesis                                           ; Off                    ; Off                ;
; Auto ROM Replacement                                                            ; On                     ; On                 ;
; Auto RAM Replacement                                                            ; On                     ; On                 ;
; Auto DSP Block Replacement                                                      ; On                     ; On                 ;
; Auto Shift Register Replacement                                                 ; Auto                   ; Auto               ;
; Allow Shift Register Merging across Hierarchies                                 ; Auto                   ; Auto               ;
; Auto Clock Enable Replacement                                                   ; On                     ; On                 ;
; Strict RAM Replacement                                                          ; Off                    ; Off                ;
; Allow Synchronous Control Signals                                               ; On                     ; On                 ;
; Force Use of Synchronous Clear Signals                                          ; Off                    ; Off                ;
; Auto Resource Sharing                                                           ; Off                    ; Off                ;
; Allow Any RAM Size For Recognition                                              ; Off                    ; Off                ;
; Allow Any ROM Size For Recognition                                              ; Off                    ; Off                ;
; Allow Any Shift Register Size For Recognition                                   ; Off                    ; Off                ;
; Use LogicLock Constraints during Resource Balancing                             ; On                     ; On                 ;
; Ignore translate_off and synthesis_off directives                               ; Off                    ; Off                ;
; Timing-Driven Synthesis                                                         ; On                     ; On                 ;
; Report Parameter Settings                                                       ; On                     ; On                 ;
; Report Source Assignments                                                       ; On                     ; On                 ;
; Report Connectivity Checks                                                      ; On                     ; On                 ;
; Ignore Maximum Fan-Out Assignments                                              ; Off                    ; Off                ;
; Synchronization Register Chain Length                                           ; 3                      ; 3                  ;
; Power Optimization During Synthesis                                             ; Normal compilation     ; Normal compilation ;
; HDL message level                                                               ; Level2                 ; Level2             ;
; Suppress Register Optimization Related Messages                                 ; Off                    ; Off                ;
; Number of Removed Registers Reported in Synthesis Report                        ; 5000                   ; 5000               ;
; Number of Swept Nodes Reported in Synthesis Report                              ; 5000                   ; 5000               ;
; Number of Inverted Registers Reported in Synthesis Report                       ; 100                    ; 100                ;
; Clock MUX Protection                                                            ; On                     ; On                 ;
; Auto Gated Clock Conversion                                                     ; Off                    ; Off                ;
; Block Design Naming                                                             ; Auto                   ; Auto               ;
; SDC constraint protection                                                       ; Off                    ; Off                ;
; Synthesis Effort                                                                ; Auto                   ; Auto               ;
; Shift Register Replacement - Allow Asynchronous Clear Signal                    ; On                     ; On                 ;
; Pre-Mapping Resynthesis Optimization                                            ; Off                    ; Off                ;
; Analysis & Synthesis Message Level                                              ; Medium                 ; Medium             ;
; Disable Register Merging Across Hierarchies                                     ; Auto                   ; Auto               ;
; Resource Aware Inference For Block RAM                                          ; On                     ; On                 ;
; Automatic Parallel Synthesis                                                    ; On                     ; On                 ;
; Partial Reconfiguration Bitstream ID                                            ; Off                    ; Off                ;
+---------------------------------------------------------------------------------+------------------------+--------------------+


+------------------------------------------+
; Parallel Compilation                     ;
+----------------------------+-------------+
; Processors                 ; Number      ;
+----------------------------+-------------+
; Number detected on machine ; 8           ;
; Maximum allowed            ; 8           ;
;                            ;             ;
; Average used               ; 1.00        ;
; Maximum used               ; 8           ;
;                            ;             ;
; Usage by Processor         ; % Time Used ;
;     Processor 1            ; 100.0%      ;
;     Processors 2-8         ;   0.0%      ;
+----------------------------+-------------+


+----------------------------------------------------------------------------------------------------------------------------------------------------------------------------------------------------------------------+
; Analysis & Synthesis Source Files Read                                                                                                                                                                               ;
+----------------------------------------------------------+-----------------+-----------------+-------------------------------------------------------------------------------------------------------------+---------+
; File Name with User-Entered Path                         ; Used in Netlist ; File Type       ; File Name with Absolute Path                                                                                ; Library ;
+----------------------------------------------------------+-----------------+-----------------+-------------------------------------------------------------------------------------------------------------+---------+
; top_level_radix2_R1_V0.vhd                               ; yes             ; User VHDL File  ; F:/github_projects/Borboletas_hls_rtl/radix2_R1_V0/top_level_radix2_R1_V0.vhd                               ;         ;
; radix2_R1_V0_am_addmul_16s_16s_16s_16_1_1.vhd            ; yes             ; User VHDL File  ; F:/github_projects/Borboletas_hls_rtl/radix2_R1_V0/radix2_R1_V0_am_addmul_16s_16s_16s_16_1_1.vhd            ;         ;
; radix2_R1_V0_ama_submuladd_16ns_16s_16s_16ns_16_1_1.vhd  ; yes             ; User VHDL File  ; F:/github_projects/Borboletas_hls_rtl/radix2_R1_V0/radix2_R1_V0_ama_submuladd_16ns_16s_16s_16ns_16_1_1.vhd  ;         ;
; radix2_R1_V0_ama_addmul_sub_16s_16ns_16s_16ns_16_1_1.vhd ; yes             ; User VHDL File  ; F:/github_projects/Borboletas_hls_rtl/radix2_R1_V0/radix2_R1_V0_ama_addmul_sub_16s_16ns_16s_16ns_16_1_1.vhd ;         ;
; radix2_R1_V0.vhd                                         ; yes             ; User VHDL File  ; F:/github_projects/Borboletas_hls_rtl/radix2_R1_V0/radix2_R1_V0.vhd                                         ;         ;
; FF_D16.vhd                                               ; yes             ; User VHDL File  ; F:/github_projects/Borboletas_hls_rtl/radix2_R1_V0/FF_D16.vhd                                               ;         ;
+----------------------------------------------------------+-----------------+-----------------+-------------------------------------------------------------------------------------------------------------+---------+


+---------------------------------------------------------+
; Analysis & Synthesis Resource Usage Summary             ;
+---------------------------------------------+-----------+
; Resource                                    ; Usage     ;
+---------------------------------------------+-----------+
; Estimate of Logic utilization (ALMs needed) ; 86        ;
;                                             ;           ;
; Combinational ALUT usage for logic          ; 97        ;
;     -- 7 input functions                    ; 0         ;
;     -- 6 input functions                    ; 0         ;
;     -- 5 input functions                    ; 0         ;
;     -- 4 input functions                    ; 0         ;
;     -- <=3 input functions                  ; 97        ;
;                                             ;           ;
; Dedicated logic registers                   ; 160       ;
;                                             ;           ;
; I/O pins                                    ; 162       ;
;                                             ;           ;
; Total DSP Blocks                            ; 3         ;
;                                             ;           ;
; Maximum fan-out node                        ; clk~input ;
; Maximum fan-out                             ; 160       ;
; Total fan-out                               ; 1133      ;
; Average fan-out                             ; 1.94      ;
+---------------------------------------------+-----------+


+-----------------------------------------------------------------------------------------------------------------------------------------------------------------------------------------------------------------------------------------------------------------------------------------------------------------------------------------------------------------------------------------------------------------------------------------------------------------------------------------------------------------------------------------------------------------------------------------------------------+
; Analysis & Synthesis Resource Utilization by Entity                                                                                                                                                                                                                                                                                                                                                                                                                                                                                                                                                       ;
+----------------------------------------------------------------------------------------------------------------------------------------+---------------------+---------------------------+-------------------+------------+------+--------------+---------------------------------------------------------------------------------------------------------------------------------------------------------------------------------------------------------------------------------------------------------------------------+--------------------------------------------------------------+--------------+
; Compilation Hierarchy Node                                                                                                             ; Combinational ALUTs ; Dedicated Logic Registers ; Block Memory Bits ; DSP Blocks ; Pins ; Virtual Pins ; Full Hierarchy Name                                                                                                                                                                                                                                                       ; Entity Name                                                  ; Library Name ;
+----------------------------------------------------------------------------------------------------------------------------------------+---------------------+---------------------------+-------------------+------------+------+--------------+---------------------------------------------------------------------------------------------------------------------------------------------------------------------------------------------------------------------------------------------------------------------------+--------------------------------------------------------------+--------------+
; |top_level_radix2_R1_V0                                                                                                                ; 97 (0)              ; 160 (0)                   ; 0                 ; 3          ; 162  ; 0            ; |top_level_radix2_R1_V0                                                                                                                                                                                                                                                   ; top_level_radix2_R1_V0                                       ; work         ;
;    |FF_D16:ff_ai|                                                                                                                      ; 0 (0)               ; 16 (16)                   ; 0                 ; 0          ; 0    ; 0            ; |top_level_radix2_R1_V0|FF_D16:ff_ai                                                                                                                                                                                                                                      ; FF_D16                                                       ; work         ;
;    |FF_D16:ff_ar|                                                                                                                      ; 0 (0)               ; 16 (16)                   ; 0                 ; 0          ; 0    ; 0            ; |top_level_radix2_R1_V0|FF_D16:ff_ar                                                                                                                                                                                                                                      ; FF_D16                                                       ; work         ;
;    |FF_D16:ff_bi|                                                                                                                      ; 0 (0)               ; 16 (16)                   ; 0                 ; 0          ; 0    ; 0            ; |top_level_radix2_R1_V0|FF_D16:ff_bi                                                                                                                                                                                                                                      ; FF_D16                                                       ; work         ;
;    |FF_D16:ff_br|                                                                                                                      ; 0 (0)               ; 16 (16)                   ; 0                 ; 0          ; 0    ; 0            ; |top_level_radix2_R1_V0|FF_D16:ff_br                                                                                                                                                                                                                                      ; FF_D16                                                       ; work         ;
;    |FF_D16:ff_ci|                                                                                                                      ; 0 (0)               ; 16 (16)                   ; 0                 ; 0          ; 0    ; 0            ; |top_level_radix2_R1_V0|FF_D16:ff_ci                                                                                                                                                                                                                                      ; FF_D16                                                       ; work         ;
;    |FF_D16:ff_cr|                                                                                                                      ; 0 (0)               ; 16 (16)                   ; 0                 ; 0          ; 0    ; 0            ; |top_level_radix2_R1_V0|FF_D16:ff_cr                                                                                                                                                                                                                                      ; FF_D16                                                       ; work         ;
;    |FF_D16:ff_di|                                                                                                                      ; 0 (0)               ; 16 (16)                   ; 0                 ; 0          ; 0    ; 0            ; |top_level_radix2_R1_V0|FF_D16:ff_di                                                                                                                                                                                                                                      ; FF_D16                                                       ; work         ;
;    |FF_D16:ff_dr|                                                                                                                      ; 0 (0)               ; 16 (16)                   ; 0                 ; 0          ; 0    ; 0            ; |top_level_radix2_R1_V0|FF_D16:ff_dr                                                                                                                                                                                                                                      ; FF_D16                                                       ; work         ;
;    |FF_D16:ff_wi|                                                                                                                      ; 0 (0)               ; 16 (16)                   ; 0                 ; 0          ; 0    ; 0            ; |top_level_radix2_R1_V0|FF_D16:ff_wi                                                                                                                                                                                                                                      ; FF_D16                                                       ; work         ;
;    |FF_D16:ff_wr|                                                                                                                      ; 0 (0)               ; 16 (16)                   ; 0                 ; 0          ; 0    ; 0            ; |top_level_radix2_R1_V0|FF_D16:ff_wr                                                                                                                                                                                                                                      ; FF_D16                                                       ; work         ;
;    |radix2_R1_V0:u_radix2|                                                                                                             ; 97 (64)             ; 0 (0)                     ; 0                 ; 3          ; 0    ; 0            ; |top_level_radix2_R1_V0|radix2_R1_V0:u_radix2                                                                                                                                                                                                                             ; radix2_R1_V0                                                 ; work         ;
;       |radix2_R1_V0_am_addmul_16s_16s_16s_16_1_1:am_addmul_16s_16s_16s_16_1_1_U3|                                                      ; 0 (0)               ; 0 (0)                     ; 0                 ; 1          ; 0    ; 0            ; |top_level_radix2_R1_V0|radix2_R1_V0:u_radix2|radix2_R1_V0_am_addmul_16s_16s_16s_16_1_1:am_addmul_16s_16s_16s_16_1_1_U3                                                                                                                                                   ; radix2_R1_V0_am_addmul_16s_16s_16s_16_1_1                    ; work         ;
;          |radix2_R1_V0_am_addmul_16s_16s_16s_16_1_1_DSP48_0:radix2_R1_V0_am_addmul_16s_16s_16s_16_1_1_DSP48_0_U|                       ; 0 (0)               ; 0 (0)                     ; 0                 ; 1          ; 0    ; 0            ; |top_level_radix2_R1_V0|radix2_R1_V0:u_radix2|radix2_R1_V0_am_addmul_16s_16s_16s_16_1_1:am_addmul_16s_16s_16s_16_1_1_U3|radix2_R1_V0_am_addmul_16s_16s_16s_16_1_1_DSP48_0:radix2_R1_V0_am_addmul_16s_16s_16s_16_1_1_DSP48_0_U                                             ; radix2_R1_V0_am_addmul_16s_16s_16s_16_1_1_DSP48_0            ; work         ;
;       |radix2_R1_V0_ama_addmul_sub_16s_16ns_16s_16ns_16_1_1:ama_addmul_sub_16s_16ns_16s_16ns_16_1_1_U1|                                ; 17 (0)              ; 0 (0)                     ; 0                 ; 1          ; 0    ; 0            ; |top_level_radix2_R1_V0|radix2_R1_V0:u_radix2|radix2_R1_V0_ama_addmul_sub_16s_16ns_16s_16ns_16_1_1:ama_addmul_sub_16s_16ns_16s_16ns_16_1_1_U1                                                                                                                             ; radix2_R1_V0_ama_addmul_sub_16s_16ns_16s_16ns_16_1_1         ; work         ;
;          |radix2_R1_V0_ama_addmul_sub_16s_16ns_16s_16ns_16_1_1_DSP48_0:radix2_R1_V0_ama_addmul_sub_16s_16ns_16s_16ns_16_1_1_DSP48_0_U| ; 17 (17)             ; 0 (0)                     ; 0                 ; 1          ; 0    ; 0            ; |top_level_radix2_R1_V0|radix2_R1_V0:u_radix2|radix2_R1_V0_ama_addmul_sub_16s_16ns_16s_16ns_16_1_1:ama_addmul_sub_16s_16ns_16s_16ns_16_1_1_U1|radix2_R1_V0_ama_addmul_sub_16s_16ns_16s_16ns_16_1_1_DSP48_0:radix2_R1_V0_ama_addmul_sub_16s_16ns_16s_16ns_16_1_1_DSP48_0_U ; radix2_R1_V0_ama_addmul_sub_16s_16ns_16s_16ns_16_1_1_DSP48_0 ; work         ;
;       |radix2_R1_V0_ama_submuladd_16ns_16s_16s_16ns_16_1_1:ama_submuladd_16ns_16s_16s_16ns_16_1_1_U2|                                  ; 16 (0)              ; 0 (0)                     ; 0                 ; 1          ; 0    ; 0            ; |top_level_radix2_R1_V0|radix2_R1_V0:u_radix2|radix2_R1_V0_ama_submuladd_16ns_16s_16s_16ns_16_1_1:ama_submuladd_16ns_16s_16s_16ns_16_1_1_U2                                                                                                                               ; radix2_R1_V0_ama_submuladd_16ns_16s_16s_16ns_16_1_1          ; work         ;
;          |radix2_R1_V0_ama_submuladd_16ns_16s_16s_16ns_16_1_1_DSP48_0:radix2_R1_V0_ama_submuladd_16ns_16s_16s_16ns_16_1_1_DSP48_0_U|   ; 16 (16)             ; 0 (0)                     ; 0                 ; 1          ; 0    ; 0            ; |top_level_radix2_R1_V0|radix2_R1_V0:u_radix2|radix2_R1_V0_ama_submuladd_16ns_16s_16s_16ns_16_1_1:ama_submuladd_16ns_16s_16s_16ns_16_1_1_U2|radix2_R1_V0_ama_submuladd_16ns_16s_16s_16ns_16_1_1_DSP48_0:radix2_R1_V0_ama_submuladd_16ns_16s_16s_16ns_16_1_1_DSP48_0_U     ; radix2_R1_V0_ama_submuladd_16ns_16s_16s_16ns_16_1_1_DSP48_0  ; work         ;
+----------------------------------------------------------------------------------------------------------------------------------------+---------------------+---------------------------+-------------------+------------+------+--------------+---------------------------------------------------------------------------------------------------------------------------------------------------------------------------------------------------------------------------------------------------------------------------+--------------------------------------------------------------+--------------+
Note: For table entries with two numbers listed, the numbers in parentheses indicate the number of resources of the given type used by the specific entity alone. The numbers listed outside of parentheses indicate the total resources of the given type used by the specific entity and all of its sub-entities in the hierarchy.


+-----------------------------------------------+
; Analysis & Synthesis DSP Block Usage Summary  ;
+---------------------------------+-------------+
; Statistic                       ; Number Used ;
+---------------------------------+-------------+
; Independent 27x27               ; 3           ;
; Total number of DSP blocks      ; 3           ;
;                                 ;             ;
; Fixed Point Signed Multiplier   ; 3           ;
; Fixed Point Dedicated Pre-Adder ; 3           ;
+---------------------------------+-------------+


+------------------------------------------------------+
; General Register Statistics                          ;
+----------------------------------------------+-------+
; Statistic                                    ; Value ;
+----------------------------------------------+-------+
; Total registers                              ; 160   ;
; Number of registers using Synchronous Clear  ; 0     ;
; Number of registers using Synchronous Load   ; 0     ;
; Number of registers using Asynchronous Clear ; 160   ;
; Number of registers using Asynchronous Load  ; 0     ;
; Number of registers using Clock Enable       ; 0     ;
; Number of registers using Preset             ; 0     ;
+----------------------------------------------+-------+


+--------------------------------------------------------------------------------------------------------------------------------------------------------------------+
; Parameter Settings for User Entity Instance: radix2_R1_V0:u_radix2|radix2_R1_V0_ama_addmul_sub_16s_16ns_16s_16ns_16_1_1:ama_addmul_sub_16s_16ns_16s_16ns_16_1_1_U1 ;
+----------------+-------+-------------------------------------------------------------------------------------------------------------------------------------------+
; Parameter Name ; Value ; Type                                                                                                                                      ;
+----------------+-------+-------------------------------------------------------------------------------------------------------------------------------------------+
; id             ; 1     ; Signed Integer                                                                                                                            ;
; num_stage      ; 1     ; Signed Integer                                                                                                                            ;
; din0_width     ; 16    ; Signed Integer                                                                                                                            ;
; din1_width     ; 16    ; Signed Integer                                                                                                                            ;
; din2_width     ; 16    ; Signed Integer                                                                                                                            ;
; din3_width     ; 16    ; Signed Integer                                                                                                                            ;
; dout_width     ; 16    ; Signed Integer                                                                                                                            ;
+----------------+-------+-------------------------------------------------------------------------------------------------------------------------------------------+
Note: In order to hide this table in the UI and the text report file, please set the "Show Parameter Settings in Synthesis Report" option in "Analysis and Synthesis Settings -> More Settings" to "Off".


+------------------------------------------------------------------------------------------------------------------------------------------------------------------+
; Parameter Settings for User Entity Instance: radix2_R1_V0:u_radix2|radix2_R1_V0_ama_submuladd_16ns_16s_16s_16ns_16_1_1:ama_submuladd_16ns_16s_16s_16ns_16_1_1_U2 ;
+----------------+-------+-----------------------------------------------------------------------------------------------------------------------------------------+
; Parameter Name ; Value ; Type                                                                                                                                    ;
+----------------+-------+-----------------------------------------------------------------------------------------------------------------------------------------+
; id             ; 1     ; Signed Integer                                                                                                                          ;
; num_stage      ; 1     ; Signed Integer                                                                                                                          ;
; din0_width     ; 16    ; Signed Integer                                                                                                                          ;
; din1_width     ; 16    ; Signed Integer                                                                                                                          ;
; din2_width     ; 16    ; Signed Integer                                                                                                                          ;
; din3_width     ; 16    ; Signed Integer                                                                                                                          ;
; dout_width     ; 16    ; Signed Integer                                                                                                                          ;
+----------------+-------+-----------------------------------------------------------------------------------------------------------------------------------------+
Note: In order to hide this table in the UI and the text report file, please set the "Show Parameter Settings in Synthesis Report" option in "Analysis and Synthesis Settings -> More Settings" to "Off".


+----------------------------------------------------------------------------------------------------------------------------------------------+
; Parameter Settings for User Entity Instance: radix2_R1_V0:u_radix2|radix2_R1_V0_am_addmul_16s_16s_16s_16_1_1:am_addmul_16s_16s_16s_16_1_1_U3 ;
+----------------+-------+---------------------------------------------------------------------------------------------------------------------+
; Parameter Name ; Value ; Type                                                                                                                ;
+----------------+-------+---------------------------------------------------------------------------------------------------------------------+
; id             ; 1     ; Signed Integer                                                                                                      ;
; num_stage      ; 1     ; Signed Integer                                                                                                      ;
; din0_width     ; 16    ; Signed Integer                                                                                                      ;
; din1_width     ; 16    ; Signed Integer                                                                                                      ;
; din2_width     ; 16    ; Signed Integer                                                                                                      ;
; dout_width     ; 16    ; Signed Integer                                                                                                      ;
+----------------+-------+---------------------------------------------------------------------------------------------------------------------+
Note: In order to hide this table in the UI and the text report file, please set the "Show Parameter Settings in Synthesis Report" option in "Analysis and Synthesis Settings -> More Settings" to "Off".


+--------------------------------------------------------------------------------------------------------------------------------------------------------------------------+
; Port Connectivity Checks: "radix2_R1_V0:u_radix2"                                                                                                                        ;
+--------+-------+----------+----------------------------------------------------------------------------------------------------------------------------------------------+
; Port   ; Type  ; Severity ; Details                                                                                                                                      ;
+--------+-------+----------+----------------------------------------------------------------------------------------------------------------------------------------------+
; ap_rst ; Input ; Warning  ; Declared by entity but not connected by instance. If a default value exists, it will be used.  Otherwise, the port will be connected to GND. ;
+--------+-------+----------+----------------------------------------------------------------------------------------------------------------------------------------------+


+-----------------------------------------------------+
; Post-Synthesis Netlist Statistics for Top Partition ;
+-----------------------+-----------------------------+
; Type                  ; Count                       ;
+-----------------------+-----------------------------+
; arriav_ff             ; 160                         ;
;     CLR               ; 160                         ;
; arriav_lcell_comb     ; 97                          ;
;     arith             ; 65                          ;
;         0 data inputs ; 1                           ;
;         2 data inputs ; 64                          ;
;     shared            ; 32                          ;
;         2 data inputs ; 32                          ;
; arriav_mac            ; 3                           ;
; boundary_port         ; 162                         ;
;                       ;                             ;
; Max LUT depth         ; 3.50                        ;
; Average LUT depth     ; 1.72                        ;
+-----------------------+-----------------------------+


+-------------------------------+
; Elapsed Time Per Partition    ;
+----------------+--------------+
; Partition Name ; Elapsed Time ;
+----------------+--------------+
; Top            ; 00:00:00     ;
+----------------+--------------+


+-------------------------------+
; Analysis & Synthesis Messages ;
+-------------------------------+
Info: *******************************************************************
Info: Running Quartus Prime Analysis & Synthesis
    Info: Version 24.1std.0 Build 1077 03/04/2025 SC Lite Edition
    Info: Processing started: Wed Jul 22 18:27:51 2026
Info: Command: quartus_map --read_settings_files=on --write_settings_files=off radix2_R1_V0 -c radix2_R1_V0
Warning (18236): Number of processors has not been specified which may cause overloading on shared machines.  Set the global assignment NUM_PARALLEL_PROCESSORS in your QSF to an appropriate value for best performance.
Info (20030): Parallel compilation is enabled and will use 8 of the 8 processors detected
Info (12021): Found 2 design units, including 1 entities, in source file top_level_radix2_r1_v0.vhd
    Info (12022): Found design unit 1: top_level_radix2_R1_V0-Behavioral File: F:/github_projects/Borboletas_hls_rtl/radix2_R1_V0/top_level_radix2_R1_V0.vhd Line: 21
    Info (12023): Found entity 1: top_level_radix2_R1_V0 File: F:/github_projects/Borboletas_hls_rtl/radix2_R1_V0/top_level_radix2_R1_V0.vhd Line: 4
Info (12021): Found 4 design units, including 2 entities, in source file radix2_r1_v0_am_addmul_16s_16s_16s_16_1_1.vhd
    Info (12022): Found design unit 1: radix2_R1_V0_am_addmul_16s_16s_16s_16_1_1_DSP48_0-behav File: F:/github_projects/Borboletas_hls_rtl/radix2_R1_V0/radix2_R1_V0_am_addmul_16s_16s_16s_16_1_1.vhd Line: 19
    Info (12022): Found design unit 2: radix2_R1_V0_am_addmul_16s_16s_16s_16_1_1-arch File: F:/github_projects/Borboletas_hls_rtl/radix2_R1_V0/radix2_R1_V0_am_addmul_16s_16s_16s_16_1_1.vhd Line: 55
    Info (12023): Found entity 1: radix2_R1_V0_am_addmul_16s_16s_16s_16_1_1_DSP48_0 File: F:/github_projects/Borboletas_hls_rtl/radix2_R1_V0/radix2_R1_V0_am_addmul_16s_16s_16s_16_1_1.vhd Line: 10
    Info (12023): Found entity 2: radix2_R1_V0_am_addmul_16s_16s_16s_16_1_1 File: F:/github_projects/Borboletas_hls_rtl/radix2_R1_V0/radix2_R1_V0_am_addmul_16s_16s_16s_16_1_1.vhd Line: 40
Info (12021): Found 4 design units, including 2 entities, in source file radix2_r1_v0_ama_submuladd_16ns_16s_16s_16ns_16_1_1.vhd
    Info (12022): Found design unit 1: radix2_R1_V0_ama_submuladd_16ns_16s_16s_16ns_16_1_1_DSP48_0-behav File: F:/github_projects/Borboletas_hls_rtl/radix2_R1_V0/radix2_R1_V0_ama_submuladd_16ns_16s_16s_16ns_16_1_1.vhd Line: 20
    Info (12022): Found design unit 2: radix2_R1_V0_ama_submuladd_16ns_16s_16s_16ns_16_1_1-arch File: F:/github_projects/Borboletas_hls_rtl/radix2_R1_V0/radix2_R1_V0_ama_submuladd_16ns_16s_16s_16ns_16_1_1.vhd Line: 62
    Info (12023): Found entity 1: radix2_R1_V0_ama_submuladd_16ns_16s_16s_16ns_16_1_1_DSP48_0 File: F:/github_projects/Borboletas_hls_rtl/radix2_R1_V0/radix2_R1_V0_ama_submuladd_16ns_16s_16s_16ns_16_1_1.vhd Line: 10
    Info (12023): Found entity 2: radix2_R1_V0_ama_submuladd_16ns_16s_16s_16ns_16_1_1 File: F:/github_projects/Borboletas_hls_rtl/radix2_R1_V0/radix2_R1_V0_ama_submuladd_16ns_16s_16s_16ns_16_1_1.vhd Line: 45
Info (12021): Found 4 design units, including 2 entities, in source file radix2_r1_v0_ama_addmul_sub_16s_16ns_16s_16ns_16_1_1.vhd
    Info (12022): Found design unit 1: radix2_R1_V0_ama_addmul_sub_16s_16ns_16s_16ns_16_1_1_DSP48_0-behav File: F:/github_projects/Borboletas_hls_rtl/radix2_R1_V0/radix2_R1_V0_ama_addmul_sub_16s_16ns_16s_16ns_16_1_1.vhd Line: 20
    Info (12022): Found design unit 2: radix2_R1_V0_ama_addmul_sub_16s_16ns_16s_16ns_16_1_1-arch File: F:/github_projects/Borboletas_hls_rtl/radix2_R1_V0/radix2_R1_V0_ama_addmul_sub_16s_16ns_16s_16ns_16_1_1.vhd Line: 62
    Info (12023): Found entity 1: radix2_R1_V0_ama_addmul_sub_16s_16ns_16s_16ns_16_1_1_DSP48_0 File: F:/github_projects/Borboletas_hls_rtl/radix2_R1_V0/radix2_R1_V0_ama_addmul_sub_16s_16ns_16s_16ns_16_1_1.vhd Line: 10
    Info (12023): Found entity 2: radix2_R1_V0_ama_addmul_sub_16s_16ns_16s_16ns_16_1_1 File: F:/github_projects/Borboletas_hls_rtl/radix2_R1_V0/radix2_R1_V0_ama_addmul_sub_16s_16ns_16s_16ns_16_1_1.vhd Line: 45
Warning (10335): Unrecognized synthesis attribute "CORE_GENERATION_INFO" at radix2_R1_V0.vhd(30) File: F:/github_projects/Borboletas_hls_rtl/radix2_R1_V0/radix2_R1_V0.vhd Line: 30
Info (12021): Found 2 design units, including 1 entities, in source file radix2_r1_v0.vhd
    Info (12022): Found design unit 1: radix2_R1_V0-behav File: F:/github_projects/Borboletas_hls_rtl/radix2_R1_V0/radix2_R1_V0.vhd Line: 27
    Info (12023): Found entity 1: radix2_R1_V0 File: F:/github_projects/Borboletas_hls_rtl/radix2_R1_V0/radix2_R1_V0.vhd Line: 11
Info (12021): Found 2 design units, including 1 entities, in source file ff_d16.vhd
    Info (12022): Found design unit 1: FF_D16-rtl File: F:/github_projects/Borboletas_hls_rtl/radix2_R1_V0/FF_D16.vhd Line: 13
    Info (12023): Found entity 1: FF_D16 File: F:/github_projects/Borboletas_hls_rtl/radix2_R1_V0/FF_D16.vhd Line: 4
Info (12127): Elaborating entity "top_level_radix2_R1_V0" for the top level hierarchy
Info (12128): Elaborating entity "FF_D16" for hierarchy "FF_D16:ff_ar" File: F:/github_projects/Borboletas_hls_rtl/radix2_R1_V0/top_level_radix2_R1_V0.vhd Line: 67
Info (12128): Elaborating entity "radix2_R1_V0" for hierarchy "radix2_R1_V0:u_radix2" File: F:/github_projects/Borboletas_hls_rtl/radix2_R1_V0/top_level_radix2_R1_V0.vhd Line: 85
Info (12128): Elaborating entity "radix2_R1_V0_ama_addmul_sub_16s_16ns_16s_16ns_16_1_1" for hierarchy "radix2_R1_V0:u_radix2|radix2_R1_V0_ama_addmul_sub_16s_16ns_16s_16ns_16_1_1:ama_addmul_sub_16s_16ns_16s_16ns_16_1_1_U1" File: F:/github_projects/Borboletas_hls_rtl/radix2_R1_V0/radix2_R1_V0.vhd Line: 97
Info (12128): Elaborating entity "radix2_R1_V0_ama_addmul_sub_16s_16ns_16s_16ns_16_1_1_DSP48_0" for hierarchy "radix2_R1_V0:u_radix2|radix2_R1_V0_ama_addmul_sub_16s_16ns_16s_16ns_16_1_1:ama_addmul_sub_16s_16ns_16s_16ns_16_1_1_U1|radix2_R1_V0_ama_addmul_sub_16s_16ns_16s_16ns_16_1_1_DSP48_0:radix2_R1_V0_ama_addmul_sub_16s_16ns_16s_16ns_16_1_1_DSP48_0_U" File: F:/github_projects/Borboletas_hls_rtl/radix2_R1_V0/radix2_R1_V0_ama_addmul_sub_16s_16ns_16s_16ns_16_1_1.vhd Line: 73
Info (12128): Elaborating entity "radix2_R1_V0_ama_submuladd_16ns_16s_16s_16ns_16_1_1" for hierarchy "radix2_R1_V0:u_radix2|radix2_R1_V0_ama_submuladd_16ns_16s_16s_16ns_16_1_1:ama_submuladd_16ns_16s_16s_16ns_16_1_1_U2" File: F:/github_projects/Borboletas_hls_rtl/radix2_R1_V0/radix2_R1_V0.vhd Line: 113
Info (12128): Elaborating entity "radix2_R1_V0_ama_submuladd_16ns_16s_16s_16ns_16_1_1_DSP48_0" for hierarchy "radix2_R1_V0:u_radix2|radix2_R1_V0_ama_submuladd_16ns_16s_16s_16ns_16_1_1:ama_submuladd_16ns_16s_16s_16ns_16_1_1_U2|radix2_R1_V0_ama_submuladd_16ns_16s_16s_16ns_16_1_1_DSP48_0:radix2_R1_V0_ama_submuladd_16ns_16s_16s_16ns_16_1_1_DSP48_0_U" File: F:/github_projects/Borboletas_hls_rtl/radix2_R1_V0/radix2_R1_V0_ama_submuladd_16ns_16s_16s_16ns_16_1_1.vhd Line: 73
Info (12128): Elaborating entity "radix2_R1_V0_am_addmul_16s_16s_16s_16_1_1" for hierarchy "radix2_R1_V0:u_radix2|radix2_R1_V0_am_addmul_16s_16s_16s_16_1_1:am_addmul_16s_16s_16s_16_1_1_U3" File: F:/github_projects/Borboletas_hls_rtl/radix2_R1_V0/radix2_R1_V0.vhd Line: 129
Info (12128): Elaborating entity "radix2_R1_V0_am_addmul_16s_16s_16s_16_1_1_DSP48_0" for hierarchy "radix2_R1_V0:u_radix2|radix2_R1_V0_am_addmul_16s_16s_16s_16_1_1:am_addmul_16s_16s_16s_16_1_1_U3|radix2_R1_V0_am_addmul_16s_16s_16s_16_1_1_DSP48_0:radix2_R1_V0_am_addmul_16s_16s_16s_16_1_1_DSP48_0_U" File: F:/github_projects/Borboletas_hls_rtl/radix2_R1_V0/radix2_R1_V0_am_addmul_16s_16s_16s_16_1_1.vhd Line: 65
Warning (12241): 1 hierarchies have connectivity warnings - see the Connectivity Checks report folder
Info (286030): Timing-Driven Synthesis is running
Info (16010): Generating hard_block partition "hard_block:auto_generated_inst"
    Info (16011): Adding 0 node(s), including 0 DDIO, 0 PLL, 0 transceiver and 0 LCELL
Info (21057): Implemented 358 device resources after synthesis - the final resource count might be different
    Info (21058): Implemented 98 input pins
    Info (21059): Implemented 64 output pins
    Info (21061): Implemented 193 logic cells
    Info (21062): Implemented 3 DSP elements
Info: Quartus Prime Analysis & Synthesis was successful. 0 errors, 3 warnings
    Info: Peak virtual memory: 4922 megabytes
    Info: Processing ended: Wed Jul 22 18:27:59 2026
    Info: Elapsed time: 00:00:08
    Info: Total CPU time (on all processors): 00:00:19


